<?xml version="1.0" encoding="UTF-8"?>
<!-- Generated by org.testng.reporters.JUnitReportReporter -->
<testsuite hostname="arun" failures="0" tests="1" name="Practice.DragandDrop" time="9.225" errors="0" timestamp="2024-06-23T15:11:41 IST" skipped="0">
  <testcase classname="Practice.DragandDrop" name="dragAndDrop" time="9.225"/>
  <system-out/>
</testsuite> <!-- Practice.DragandDrop -->
