<?xml version="1.0" encoding="UTF-8"?>
<!-- Generated by org.testng.reporters.JUnitReportReporter -->
<testsuite hostname="arun" failures="0" tests="1" name="testScript3.MultipleWindowHandling" time="8.201" errors="0" timestamp="2024-06-20T12:41:28 IST" skipped="0">
  <testcase classname="testScript3.MultipleWindowHandling" name="multipleWindowHandleTest2" time="8.201"/>
  <system-out/>
</testsuite> <!-- testScript3.MultipleWindowHandling -->
