<?xml version="1.0" encoding="UTF-8"?>
<!-- Generated by org.testng.reporters.JUnitReportReporter -->
<testsuite hostname="arun" failures="0" tests="1" name="testScript3.AllWebElements" time="6.910" errors="0" timestamp="2024-06-18T08:36:09 IST" skipped="0">
  <testcase classname="testScript3.AllWebElements" name="dragAndDrop" time="6.910"/>
  <system-out/>
</testsuite> <!-- testScript3.AllWebElements -->
