<?xml version="1.0" encoding="UTF-8"?>
<!-- Generated by org.testng.reporters.JUnitReportReporter -->
<testsuite hostname="arun" failures="0" tests="2" name="testScript3.Annotations" time="32.770" errors="0" timestamp="2024-06-12T11:14:47 IST" skipped="0">
  <testcase classname="testScript3.Annotations" name="test1" time="26.748"/>
  <system-out/>
  <testcase classname="testScript3.Annotations" name="atFirst" time="6.022"/>
  <system-out/>
</testsuite> <!-- testScript3.Annotations -->
