<?xml version="1.0" encoding="UTF-8"?>
<!-- Generated by org.testng.reporters.JUnitReportReporter -->
<testsuite hostname="arun" failures="0" tests="1" name="testScript3.JavaScriptExecutor" time="8.753" errors="0" timestamp="2024-06-13T10:41:34 IST" skipped="0">
  <testcase classname="testScript3.JavaScriptExecutor" name="javaScriptExecutor" time="8.753"/>
  <system-out/>
</testsuite> <!-- testScript3.JavaScriptExecutor -->
