<?xml version="1.0" encoding="UTF-8"?>
<!-- Generated by org.testng.reporters.JUnitReportReporter -->
<testsuite hostname="arun" failures="0" tests="1" name="testScript3.TableHandlingAssignment" time="12.865" errors="0" timestamp="2024-06-15T20:41:32 IST" skipped="0">
  <testcase classname="testScript3.TableHandlingAssignment" name="tableTestNG" time="12.865"/>
  <system-out/>
</testsuite> <!-- testScript3.TableHandlingAssignment -->
