<?xml version="1.0" encoding="UTF-8"?>
<!-- Generated by org.testng.reporters.JUnitReportReporter -->
<testsuite hostname="arun" failures="0" tests="1" name="testScript3.Assignment11" time="10.889" errors="0" timestamp="2024-06-18T10:03:54 IST" skipped="0">
  <testcase classname="testScript3.Assignment11" name="fileUploadUsingRobot" time="10.889"/>
  <system-out/>
</testsuite> <!-- testScript3.Assignment11 -->
