<?xml version="1.0" encoding="UTF-8"?>
<!-- Generated by org.testng.reporters.JUnitReportReporter -->
<testsuite hostname="arun" failures="0" tests="1" name="testScript3.Assertion" time="8.318" errors="0" timestamp="2024-06-18T11:18:58 IST" skipped="0">
  <testcase classname="testScript3.Assertion" name="assertNotNull" time="8.318"/>
  <system-out/>
</testsuite> <!-- testScript3.Assertion -->
