<?xml version="1.0" encoding="UTF-8"?>
<!-- Generated by org.testng.reporters.JUnitReportReporter -->
<testsuite hostname="arun" failures="0" tests="1" name="testScript3.CheckboxTestCases" time="11.692" errors="0" timestamp="2024-06-15T20:15:27 IST" skipped="0">
  <testcase classname="testScript3.CheckboxTestCases" name="deSelectetCheckbox" time="11.692"/>
  <system-out/>
</testsuite> <!-- testScript3.CheckboxTestCases -->
