<?xml version="1.0" encoding="UTF-8"?>
<!-- Generated by org.testng.reporters.JUnitReportReporter -->
<testsuite hostname="arun" failures="0" tests="1" name="testScript3.UsingExecutor" time="8.802" errors="0" timestamp="2024-06-15T12:14:29 IST" skipped="0">
  <testcase classname="testScript3.UsingExecutor" name="javaScriptSample1" time="8.802"/>
  <system-out/>
</testsuite> <!-- testScript3.UsingExecutor -->
