<?xml version="1.0" encoding="UTF-8"?>
<!-- Generated by org.testng.reporters.JUnitReportReporter -->
<testsuite hostname="arun" failures="0" tests="1" name="Practice.ElementsAndActions" time="50.140" errors="0" timestamp="2024-06-23T14:51:15 IST" skipped="0">
  <testcase classname="Practice.ElementsAndActions" name="radioDropdownDisabled" time="50.140"/>
  <system-out/>
</testsuite> <!-- Practice.ElementsAndActions -->
